<component name="libraryTable">
  <library name="junit (2)">
    <CLASSES>
      <root url="jar://$PROJECT_DIR$/03-反射/lib/junit.jar!/" />
    </CLASSES>
    <JAVADOC />
    <SOURCES />
  </library>
</component>