<component name="libraryTable">
  <library name="junit (3)">
    <CLASSES>
      <root url="jar://$PROJECT_DIR$/04-IO/lib/junit.jar!/" />
    </CLASSES>
    <JAVADOC />
    <SOURCES />
  </library>
</component>